Starting a Gradle Daemon, 5 stopped Daemons could not be reused, use --status for details
> Task :compileJava
> Task :processResources UP-TO-DATE
> Task :classes
> Task :resolveMainClassName

> Task :bootRun

  .   ____          _            __ _ _
 /\\ / ___'_ __ _ _(_)_ __  __ _ \ \ \ \
( ( )\___ | '_ | '_| | '_ \/ _` | \ \ \ \
 \\/  ___)| |_)| | | | | || (_| |  ) ) ) )
  '  |____| .__|_| |_|_| |_\__, | / / / /
 =========|_|==============|___/=/_/_/_/

 :: Spring Boot ::                (v3.4.1)

2026-01-11T23:46:48.808+05:30  INFO 11289 --- [rent_read] [  restartedMain] com.crio.rent_read.RentReadApplication   : Starting RentReadApplication using Java 17.0.7 with PID 11289 (/tmp/gradle_builds/rent_read/rent_read/classes/java/main started by crio-user in /home/crio-user/workspace/santhoshkumarcbe35-ME_BUILDOUT_RENTREAD)
2026-01-11T23:46:48.814+05:30  INFO 11289 --- [rent_read] [  restartedMain] com.crio.rent_read.RentReadApplication   : No active profile set, falling back to 1 default profile: "default"
2026-01-11T23:46:48.923+05:30  INFO 11289 --- [rent_read] [  restartedMain] .e.DevToolsPropertyDefaultsPostProcessor : Devtools property defaults active! Set 'spring.devtools.add-properties' to 'false' to disable
2026-01-11T23:46:48.924+05:30  INFO 11289 --- [rent_read] [  restartedMain] .e.DevToolsPropertyDefaultsPostProcessor : For additional web related logging consider setting the 'logging.level.web' property to 'DEBUG'
2026-01-11T23:46:50.149+05:30  INFO 11289 --- [rent_read] [  restartedMain] .s.d.r.c.RepositoryConfigurationDelegate : Bootstrapping Spring Data JPA repositories in DEFAULT mode.
2026-01-11T23:46:50.244+05:30  INFO 11289 --- [rent_read] [  restartedMain] .s.d.r.c.RepositoryConfigurationDelegate : Finished Spring Data repository scanning in 82 ms. Found 3 JPA repository interfaces.
2026-01-11T23:46:51.145+05:30  INFO 11289 --- [rent_read] [  restartedMain] o.s.b.w.embedded.tomcat.TomcatWebServer  : Tomcat initialized with port 8081 (http)
2026-01-11T23:46:51.163+05:30  INFO 11289 --- [rent_read] [  restartedMain] o.apache.catalina.core.StandardService   : Starting service [Tomcat]
2026-01-11T23:46:51.164+05:30  INFO 11289 --- [rent_read] [  restartedMain] o.apache.catalina.core.StandardEngine    : Starting Servlet engine: [Apache Tomcat/10.1.34]
2026-01-11T23:46:51.213+05:30  INFO 11289 --- [rent_read] [  restartedMain] o.a.c.c.C.[Tomcat].[localhost].[/]       : Initializing Spring embedded WebApplicationContext
2026-01-11T23:46:51.215+05:30  INFO 11289 --- [rent_read] [  restartedMain] w.s.c.ServletWebServerApplicationContext : Root WebApplicationContext: initialization completed in 2288 ms
2026-01-11T23:46:51.438+05:30  INFO 11289 --- [rent_read] [  restartedMain] o.hibernate.jpa.internal.util.LogHelper  : HHH000204: Processing PersistenceUnitInfo [name: default]
2026-01-11T23:46:51.495+05:30  INFO 11289 --- [rent_read] [  restartedMain] org.hibernate.Version                    : HHH000412: Hibernate ORM core version 6.6.4.Final
2026-01-11T23:46:51.545+05:30  INFO 11289 --- [rent_read] [  restartedMain] o.h.c.internal.RegionFactoryInitiator    : HHH000026: Second-level cache disabled
2026-01-11T23:46:51.904+05:30  INFO 11289 --- [rent_read] [  restartedMain] o.s.o.j.p.SpringPersistenceUnitInfo      : No LoadTimeWeaver setup: ignoring JPA class transformer
2026-01-11T23:46:51.949+05:30  INFO 11289 --- [rent_read] [  restartedMain] com.zaxxer.hikari.HikariDataSource       : HikariPool-1 - Starting...
2026-01-11T23:46:52.362+05:30  INFO 11289 --- [rent_read] [  restartedMain] com.zaxxer.hikari.pool.HikariPool        : HikariPool-1 - Added connection com.mysql.cj.jdbc.ConnectionImpl@1d89bcf8
2026-01-11T23:46:52.365+05:30  INFO 11289 --- [rent_read] [  restartedMain] com.zaxxer.hikari.HikariDataSource       : HikariPool-1 - Start completed.
2026-01-11T23:46:52.433+05:30  WARN 11289 --- [rent_read] [  restartedMain] org.hibernate.dialect.Dialect            : HHH000511: The 5.7.42 version for [org.hibernate.dialect.MySQLDialect] is no longer supported, hence certain features may not work properly. The minimum supported version is 8.0.0. Check the community dialects project for available legacy versions.
2026-01-11T23:46:52.462+05:30  INFO 11289 --- [rent_read] [  restartedMain] org.hibernate.orm.connections.pooling    : HHH10001005: Database info:
	Database JDBC URL [Connecting through datasource 'HikariDataSource (HikariPool-1)']
	Database driver: undefined/unknown
	Database version: 5.7.42
	Autocommit mode: undefined/unknown
	Isolation level: undefined/unknown
	Minimum pool size: undefined/unknown
	Maximum pool size: undefined/unknown
2026-01-11T23:46:53.758+05:30  INFO 11289 --- [rent_read] [  restartedMain] o.h.e.t.j.p.i.JtaPlatformInitiator       : HHH000489: No JTA platform available (set 'hibernate.transaction.jta.platform' to enable JTA platform integration)
2026-01-11T23:46:53.843+05:30  INFO 11289 --- [rent_read] [  restartedMain] j.LocalContainerEntityManagerFactoryBean : Initialized JPA EntityManagerFactory for persistence unit 'default'
2026-01-11T23:46:54.388+05:30  INFO 11289 --- [rent_read] [  restartedMain] o.s.d.j.r.query.QueryEnhancerFactory     : Hibernate is in classpath; If applicable, HQL parser will be used.
2026-01-11T23:46:55.122+05:30  WARN 11289 --- [rent_read] [  restartedMain] JpaBaseConfiguration$JpaWebConfiguration : spring.jpa.open-in-view is enabled by default. Therefore, database queries may be performed during view rendering. Explicitly configure spring.jpa.open-in-view to disable this warning
2026-01-11T23:46:55.184+05:30  INFO 11289 --- [rent_read] [  restartedMain] eAuthenticationProviderManagerConfigurer : Global AuthenticationManager configured with AuthenticationProvider bean with name authenticationProvider
2026-01-11T23:46:55.186+05:30  WARN 11289 --- [rent_read] [  restartedMain] r$InitializeUserDetailsManagerConfigurer : Global AuthenticationManager configured with an AuthenticationProvider bean. UserDetailsService beans will not be used by Spring Security for automatically configuring username/password login. Consider removing the AuthenticationProvider bean. Alternatively, consider using the UserDetailsService in a manually instantiated DaoAuthenticationProvider. If the current configuration is intentional, to turn off this warning, increase the logging level of 'org.springframework.security.config.annotation.authentication.configuration.InitializeUserDetailsBeanManagerConfigurer' to ERROR
2026-01-11T23:46:56.157+05:30  INFO 11289 --- [rent_read] [  restartedMain] o.s.b.d.a.OptionalLiveReloadServer       : LiveReload server is running on port 35729
2026-01-11T23:46:56.198+05:30  INFO 11289 --- [rent_read] [  restartedMain] o.s.b.w.embedded.tomcat.TomcatWebServer  : Tomcat started on port 8081 (http) with context path '/'
2026-01-11T23:46:56.214+05:30  INFO 11289 --- [rent_read] [  restartedMain] com.crio.rent_read.RentReadApplication   : Started RentReadApplication in 8.031 seconds (process running for 8.734)
2026-01-11T23:46:57.669+05:30  INFO 11289 --- [rent_read] [nio-8081-exec-1] o.a.c.c.C.[Tomcat].[localhost].[/]       : Initializing Spring DispatcherServlet 'dispatcherServlet'
2026-01-11T23:46:57.669+05:30  INFO 11289 --- [rent_read] [nio-8081-exec-1] o.s.web.servlet.DispatcherServlet        : Initializing Servlet 'dispatcherServlet'
2026-01-11T23:46:57.671+05:30  INFO 11289 --- [rent_read] [nio-8081-exec-1] o.s.web.servlet.DispatcherServlet        : Completed initialization in 2 ms
2026-01-11T23:46:57.874+05:30  INFO 11289 --- [rent_read] [nio-8081-exec-1] c.c.r.serviceImpl.AuthServiceImpl        : Registering user with email: admin.test.1768155417589@example.com
2026-01-11T23:46:58.231+05:30  INFO 11289 --- [rent_read] [nio-8081-exec-3] c.c.r.serviceImpl.AuthServiceImpl        : User login attempt: admin.test.1768155417589@example.com
2026-01-11T23:46:58.406+05:30  INFO 11289 --- [rent_read] [nio-8081-exec-2] c.c.r.serviceImpl.AuthServiceImpl        : Registering user with email: user.test.1768155418398@example.com
2026-01-11T23:46:58.569+05:30  INFO 11289 --- [rent_read] [nio-8081-exec-6] c.c.r.serviceImpl.AuthServiceImpl        : User login attempt: user.test.1768155418398@example.com
2026-01-11T23:46:59.020+05:30  INFO 11289 --- [rent_read] [nio-8081-exec-7] c.c.r.serviceImpl.BookServiceImpl        : Creating new book: Test Book 1768155418701.6365-1
2026-01-11T23:46:59.172+05:30  INFO 11289 --- [rent_read] [io-8081-exec-10] c.c.r.serviceImpl.BookServiceImpl        : Creating new book: Test Book 1768155419036.9468-2
2026-01-11T23:46:59.317+05:30  INFO 11289 --- [rent_read] [nio-8081-exec-1] c.c.r.serviceImpl.BookServiceImpl        : Creating new book: Test Book 1768155419183.0288-3
2026-01-11T23:46:59.466+05:30  INFO 11289 --- [rent_read] [nio-8081-exec-2] c.c.r.serviceImpl.BookServiceImpl        : Creating new book: Test Book 1768155419328.1543
2026-01-11T23:46:59.621+05:30  WARN 11289 --- [rent_read] [nio-8081-exec-5] c.c.r.serviceImpl.BookServiceImpl        : Deleting book id: 4
2026-01-11T23:46:59.795+05:30  INFO 11289 --- [rent_read] [nio-8081-exec-7] c.c.r.serviceImpl.BookServiceImpl        : Creating new book: Test Book 1768155419658.347-1
2026-01-11T23:46:59.944+05:30  INFO 11289 --- [rent_read] [io-8081-exec-10] c.c.r.serviceImpl.BookServiceImpl        : Creating new book: Test Book 1768155419808.8706-2
2026-01-11T23:47:00.093+05:30  INFO 11289 --- [rent_read] [nio-8081-exec-1] c.c.r.serviceImpl.BookServiceImpl        : Creating new book: Test Book 1768155419956.9727-3
2026-01-11T23:47:00.242+05:30  INFO 11289 --- [rent_read] [nio-8081-exec-2] c.c.r.serviceImpl.BookServiceImpl        : Creating new book: Test Book 1768155420
2026-01-11T23:47:00.393+05:30  INFO 11289 --- [rent_read] [nio-8081-exec-5] c.c.r.serviceImpl.BookServiceImpl        : Updating book id: 8
2026-01-11T23:47:01.011+05:30  INFO 11289 --- [rent_read] [nio-8081-exec-2] c.c.r.serviceImpl.RentalServiceImpl      : User 2 attempting to rent book 1
2026-01-11T23:47:01.202+05:30  INFO 11289 --- [rent_read] [nio-8081-exec-6] c.c.r.serviceImpl.RentalServiceImpl      : User 2 attempting to rent book 2
2026-01-11T23:47:01.358+05:30  INFO 11289 --- [rent_read] [nio-8081-exec-6] c.c.r.serviceImpl.RentalServiceImpl      : User 2 attempting to rent book 3
2026-01-11T23:47:01.372+05:30 ERROR 11289 --- [rent_read] [nio-8081-exec-6] c.c.r.exception.GlobalExceptionHandler   : BadRequestException: User has already reached maximum book rental limit!
2026-01-11T23:47:01.379+05:30  WARN 11289 --- [rent_read] [nio-8081-exec-6] .m.m.a.ExceptionHandlerExceptionResolver : Resolved [com.crio.rent_read.exception.BadRequestException: User has already reached maximum book rental limit!]
2026-01-11T23:47:01.516+05:30  INFO 11289 --- [rent_read] [nio-8081-exec-5] c.c.r.serviceImpl.RentalServiceImpl      : Fetching active rentals for user 2
2026-01-11T23:47:01.683+05:30  INFO 11289 --- [rent_read] [nio-8081-exec-5] c.c.r.serviceImpl.RentalServiceImpl      : Returning rental id 1
